  Furniture.c
c:\users\bit\documents\github\vrnc\gameserver\gameserver\furniture.c(7): warning C4013: 'printf'이(가) 정의되지 않았습니다. extern은 int형을 반환하는 것으로 간주합니다.
  GaemRoom.c
c:\users\bit\documents\github\vrnc\gameserver\gameserver\gaemroom.c(17): warning C4013: 'printf'이(가) 정의되지 않았습니다. extern은 int형을 반환하는 것으로 간주합니다.
  GameServer.c
c:\users\bit\documents\github\vrnc\gameserver\gameserver\gameserver.c(13): warning C4477: 'printf' : 서식 문자열 '%s'에 'char *' 형식의 인수가 필요하지만 variadic 인수 2의 형식이 'void *'입니다.
c:\users\bit\documents\github\vrnc\gameserver\gameserver\gameserver.c(40): warning C4013: 'server_login'이(가) 정의되지 않았습니다. extern은 int형을 반환하는 것으로 간주합니다.
c:\users\bit\documents\github\vrnc\gameserver\gameserver\gameserver.c(84): warning C4013: 'server_signUp'이(가) 정의되지 않았습니다. extern은 int형을 반환하는 것으로 간주합니다.
c:\users\bit\documents\github\vrnc\gameserver\gameserver\gameserver.c(175): warning C4101: 'name' :참조되지 않은 지역 변수입니다.
c:\users\bit\documents\github\vrnc\gameserver\gameserver\gameserver.c(233): warning C4013: 'data_save'이(가) 정의되지 않았습니다. extern은 int형을 반환하는 것으로 간주합니다.
c:\users\bit\documents\github\vrnc\gameserver\gameserver\gameserver.c(241): warning C4029: 선언된 정식 매개 변수 목록이 정의와 다릅니다.
c:\users\bit\documents\github\vrnc\gameserver\gameserver\gameserver.c(248): warning C4013: 'data_load'이(가) 정의되지 않았습니다. extern은 int형을 반환하는 것으로 간주합니다.
c:\users\bit\documents\github\vrnc\gameserver\gameserver\gameserver.c(277): warning C4013: 'label_load'이(가) 정의되지 않았습니다. extern은 int형을 반환하는 것으로 간주합니다.
c:\users\bit\documents\github\vrnc\gameserver\gameserver\gameserver.c(279): warning C4101: 'len' :참조되지 않은 지역 변수입니다.
  List.c
c:\users\bit\documents\github\vrnc\gameserver\gameserver\list.c(31): warning C4047: '==': 'void *'의 간접 참조 수준이 'int'과(와) 다릅니다.
  main.c
c:\users\bit\documents\github\vrnc\gameserver\gameserver\main.c(173): warning C4133: '함수': 'sockaddr_in *'과(와) 'sockaddr *' 사이의 형식이 호환되지 않습니다.
  mysql.c
c:\users\bit\documents\github\vrnc\gameserver\gameserver\mysql.c(52): warning C4244: '초기화 중': 'my_ulonglong'에서 'int'(으)로 변환하면서 데이터가 손실될 수 있습니다.
c:\users\bit\documents\github\vrnc\gameserver\gameserver\mysql.c(18): warning C4101: 'row' :참조되지 않은 지역 변수입니다.
c:\users\bit\documents\github\vrnc\gameserver\gameserver\mysql.c(70): warning C4101: 'row' :참조되지 않은 지역 변수입니다.
c:\users\bit\documents\github\vrnc\gameserver\gameserver\mysql.c(69): warning C4101: 'res' :참조되지 않은 지역 변수입니다.
c:\users\bit\documents\github\vrnc\gameserver\gameserver\mysql.c(103): warning C4029: 선언된 정식 매개 변수 목록이 정의와 다릅니다.
c:\users\bit\documents\github\vrnc\gameserver\gameserver\mysql.c(138): warning C4101: 'row' :참조되지 않은 지역 변수입니다.
c:\users\bit\documents\github\vrnc\gameserver\gameserver\mysql.c(187): warning C4029: 선언된 정식 매개 변수 목록이 정의와 다릅니다.
  User.c
c:\users\bit\documents\github\vrnc\gameserver\gameserver\user.c(21): warning C4013: 'printf'이(가) 정의되지 않았습니다. extern은 int형을 반환하는 것으로 간주합니다.
  코드를 생성하고 있습니다...
c:\users\bit\documents\github\vrnc\gameserver\gameserver\main.c(116): warning C4716: 'ThreadFunction': 값을 반환해야 합니다.
mysql.obj : error LNK2019: _mysql_num_rows@4 외부 기호(참조 위치: _server_login 함수)에서 확인하지 못했습니다.
mysql.obj : error LNK2019: _mysql_error@4 외부 기호(참조 위치: _data_load 함수)에서 확인하지 못했습니다.
mysql.obj : error LNK2019: _mysql_init@4 외부 기호(참조 위치: _data_load 함수)에서 확인하지 못했습니다.
mysql.obj : error LNK2019: _mysql_real_connect@32 외부 기호(참조 위치: _data_load 함수)에서 확인하지 못했습니다.
mysql.obj : error LNK2019: _mysql_query@8 외부 기호(참조 위치: _data_load 함수)에서 확인하지 못했습니다.
mysql.obj : error LNK2019: _mysql_store_result@4 외부 기호(참조 위치: _data_load 함수)에서 확인하지 못했습니다.
mysql.obj : error LNK2019: _mysql_free_result@4 외부 기호(참조 위치: _data_save 함수)에서 확인하지 못했습니다.
mysql.obj : error LNK2019: _mysql_fetch_row@4 외부 기호(참조 위치: _data_load 함수)에서 확인하지 못했습니다.
mysql.obj : error LNK2019: _mysql_close@4 외부 기호(참조 위치: _data_load 함수)에서 확인하지 못했습니다.
C:\Program Files\MySQL\MySQL Server 8.0\lib\libmysql.lib : warning LNK4272: 'x64' 라이브러리 컴퓨터 종류가 'x86' 대상 컴퓨터 종류와 충돌합니다.
C:\Users\bit\Documents\GitHub\VRNC\GameServer\Debug\GameServer.exe : fatal error LNK1120: 9개의 확인할 수 없는 외부 참조입니다.
