  Furniture.c
c:\users\drkim\documents\github\vrnc\gameserver\gameserver\furniture.c(7): warning C4013: 'printf'이(가) 정의되지 않았습니다. extern은 int형을 반환하는 것으로 간주합니다.
  GaemRoom.c
c:\users\drkim\documents\github\vrnc\gameserver\gameserver\gaemroom.c(17): warning C4013: 'printf'이(가) 정의되지 않았습니다. extern은 int형을 반환하는 것으로 간주합니다.
  GameServer.c
c:\users\drkim\documents\github\vrnc\gameserver\gameserver\gameserver.c(9): fatal error C1083: 포함 파일을 열 수 없습니다. 'mysql.h': No such file or directory
  List.c
c:\users\drkim\documents\github\vrnc\gameserver\gameserver\list.c(31): warning C4047: '==': 'void *'의 간접 참조 수준이 'int'과(와) 다릅니다.
  main.c
c:\users\drkim\documents\github\vrnc\gameserver\gameserver\main.c(175): warning C4133: '함수': 'sockaddr_in *'과(와) 'sockaddr *' 사이의 형식이 호환되지 않습니다.
c:\users\drkim\documents\github\vrnc\gameserver\gameserver\main.c(183): warning C4477: 'printf' : 서식 문자열 '%d'에 'int' 형식의 인수가 필요하지만 variadic 인수 1의 형식이 'SOCKET'입니다.
  c:\users\drkim\documents\github\vrnc\gameserver\gameserver\main.c(183): note: 서식 문자열에서 '%lld'을(를) 사용하는 것이 좋습니다.
  c:\users\drkim\documents\github\vrnc\gameserver\gameserver\main.c(183): note: 서식 문자열에서 '%Id'을(를) 사용하는 것이 좋습니다.
  c:\users\drkim\documents\github\vrnc\gameserver\gameserver\main.c(183): note: 서식 문자열에서 '%I64d'을(를) 사용하는 것이 좋습니다.
  mysql.c
c:\users\drkim\documents\github\vrnc\gameserver\gameserver\mysql.h(3): fatal error C1083: 포함 파일을 열 수 없습니다. 'mysql.h': No such file or directory
  User.c
c:\users\drkim\documents\github\vrnc\gameserver\gameserver\user.c(21): warning C4013: 'printf'이(가) 정의되지 않았습니다. extern은 int형을 반환하는 것으로 간주합니다.
  코드를 생성하고 있습니다...
c:\users\drkim\documents\github\vrnc\gameserver\gameserver\main.c(118): warning C4716: 'ThreadFunction': 값을 반환해야 합니다.
